Build started Пн 17.05.21 11:08:31.
     1>Project "D:\EcoProjects\hse\Eco.Framework\Eco.Matrix1\AssemblyFiles\Windows\VisualStudio_10\Eco.Matrix1UnitTest.vcxproj" on node 2 (build target(s)).
     1>InitializeBuildStatus:
         Creating "Eco.Matrix1UnitTest\StaticRelease\Eco.Matrix1UnitTest.unsuccessfulbuild" because "AlwaysCreate" was specified.
       ClCompile:
         D:\visual basic\VC\bin\CL.exe /c /I..\..\..\SharedFiles /I..\..\..\HeaderFiles /I..\..\..\UnitTestFiles\SharedFiles /I..\..\..\UnitTestFiles\HeaderFiles /I..\..\..\..\Eco.Core1\SharedFiles /I..\..\..\..\Eco.FileSystemManagement1\SharedFiles /I..\..\..\..\Eco.Vector1\SharedFiles /I..\..\..\..\Eco.Comparator1\SharedFiles /I..\..\..\..\Eco.DateTime1\SharedFiles /I..\..\..\..\Eco.Log1\SharedFiles /I..\..\..\..\Eco.List1\SharedFiles /I..\..\..\..\Eco.String1\SharedFiles /I..\..\..\..\Eco.InterfaceBus1\SharedFiles /I..\..\..\..\Eco.TaskScheduler1\SharedFiles /I..\..\..\..\Eco.MemoryManager1\SharedFiles /Zi /nologo /W3 /WX- /O2 /Oi /Oy- /GL /D ECO_WIN32 /D NDEBUG /D _CONSOLE /D ECO_LIB /D UGUID_UTILITY /D _UNICODE /D UNICODE /Gm- /EHsc /MT /GS /Gy /fp:precise /Zc:wchar_t /Zc:forScope /Fo"Eco.Matrix1UnitTest\StaticRelease\\" /Fd"Eco.Matrix1UnitTest\StaticRelease\vc100.pdb" /Gz /TC /analyze- /errorReport:prompt ..\..\..\UnitTestFiles\SourceFiles\EcoMatrix1.c
         EcoMatrix1.c
       Link:
         D:\visual basic\VC\bin\link.exe /ERRORREPORT:PROMPT /OUT:"D:\EcoProjects\hse\Eco.Framework\Eco.Matrix1\AssemblyFiles\Windows\VisualStudio_10\Eco.Matrix1UnitTest\StaticRelease\Eco.Matrix1UnitTest.exe" /INCREMENTAL:NO /NOLOGO /LIBPATH:..\..\..\BuildFiles\Windows\x86\StaticRelease\ /LIBPATH:..\..\..\..\Eco.Comparator1\BuildFiles\Windows\x86\StaticRelease\ /LIBPATH:..\..\..\..\Eco.DateTime1\BuildFiles\Windows\x86\StaticRelease\ /LIBPATH:..\..\..\..\Eco.Log1\BuildFiles\Windows\x86\StaticRelease\ /LIBPATH:..\..\..\..\Eco.List1\BuildFiles\Windows\x86\StaticRelease\ /LIBPATH:..\..\..\..\Eco.String1\BuildFiles\Windows\x86\StaticRelease\ /LIBPATH:..\..\..\..\Eco.InterfaceBus1\BuildFiles\Windows\x86\StaticRelease\ /LIBPATH:..\..\..\..\Eco.MemoryManager1\BuildFiles\Windows\x86\StaticRelease\ /LIBPATH:..\..\..\..\Eco.System1\BuildFiles\Windows\x86\StaticRelease\ 00000000000000000000000042757331.lib 0000000000000000000000004D656D31.lib 00000000000000000000000000000100.lib 9A659401C9334EF6970F7F5FE68577AA.lib kernel32.lib user32.lib gdi32.lib winspool.lib comdlg32.lib advapi32.lib shell32.lib ole32.lib oleaut32.lib uuid.lib odbc32.lib odbccp32.lib /MANIFEST /ManifestFile:"Eco.Matrix1UnitTest\StaticRelease\Eco.Matrix1UnitTest.exe.intermediate.manifest" /MANIFESTUAC:"level='asInvoker' uiAccess='false'" /DEBUG /PDB:"D:\EcoProjects\hse\Eco.Framework\Eco.Matrix1\AssemblyFiles\Windows\VisualStudio_10\Eco.Matrix1UnitTest\StaticRelease\Eco.Matrix1UnitTest.pdb" /SUBSYSTEM:CONSOLE /OPT:REF /OPT:ICF /LTCG /TLBID:1 /DYNAMICBASE /NXCOMPAT /IMPLIB:"D:\EcoProjects\hse\Eco.Framework\Eco.Matrix1\AssemblyFiles\Windows\VisualStudio_10\Eco.Matrix1UnitTest\StaticRelease\Eco.Matrix1UnitTest.lib" /MACHINE:X86 Eco.Matrix1UnitTest\StaticRelease\EcoMatrix1.obj
     1>EcoMatrix1.obj : error LNK2001: unresolved external symbol _GetIEcoComponentFactoryPtr_84CC0A7DBABD44EEBE749C9A8312D37E
     1>EcoMatrix1.obj : error LNK2001: unresolved external symbol _GetIEcoComponentFactoryPtr_C7ED3BA4B6EB4385BBDB3C6AC5C7A394
     1>D:\EcoProjects\hse\Eco.Framework\Eco.Matrix1\AssemblyFiles\Windows\VisualStudio_10\Eco.Matrix1UnitTest\StaticRelease\Eco.Matrix1UnitTest.exe : fatal error LNK1120: 2 unresolved externals
     1>Done Building Project "D:\EcoProjects\hse\Eco.Framework\Eco.Matrix1\AssemblyFiles\Windows\VisualStudio_10\Eco.Matrix1UnitTest.vcxproj" (build target(s)) -- FAILED.

Build FAILED.

Time Elapsed 00:00:01.04
